# JRE version: Java(TM) SE Runtime Environment (20.0+36) (build 20+36-2344)
# Java VM: Java HotSpot(TM) 64-Bit Server VM (20+36-2344, mixed mode, sharing, tiered, compressed oops, compressed class ptrs, g1 gc, windows-amd64)
GC Precious Log:
 CardTable entry size: 512
 Card Set container configuration: InlinePtr #cards 4 size 8 Array Of Cards #cards 16 size 48 Howl #buckets 8 coarsen threshold 3686 Howl Bitmap #cards 512 size 80 coarsen threshold 460 Card regions per heap region 1 cards per card region 4096
 CPUs: 16 total, 16 available
 Memory: 15999M
 Large Page Support: Disabled
 NUMA Support: Disabled
 Compressed Oops: Enabled (Zero based)
 Heap Region Size: 2M
 Heap Min Capacity: 8M
 Heap Initial Capacity: 250M
 Heap Max Capacity: 4000M
 Pre-touch: Disabled
 Parallel Workers: 13
 Concurrent Workers: 3
 Concurrent Refinement Workers: 13
 Periodic GC: Disabled
Heap:
 garbage-first heap   total 77824K, used 45297K [0x0000000706000000, 0x0000000800000000)
  region size 2048K, 8 young (16384K), 1 survivors (2048K)
 Metaspace       used 75741K, committed 76672K, reserved 1179648K
  class space    used 9517K, committed 9984K, reserved 1048576K
GC Heap History (20 events):
Event: 108.766 GC heap before
{Heap before GC invocations=37 (full 0):
 garbage-first heap   total 77824K, used 65656K [0x0000000706000000, 0x0000000800000000)
  region size 2048K, 18 young (36864K), 2 survivors (4096K)
 Metaspace       used 75608K, committed 76544K, reserved 1179648K
  class space    used 9510K, committed 9920K, reserved 1048576K
}
Event: 108.769 GC heap after
{Heap after GC invocations=38 (full 0):
 garbage-first heap   total 77824K, used 32961K [0x0000000706000000, 0x0000000800000000)
  region size 2048K, 2 young (4096K), 2 survivors (4096K)
 Metaspace       used 75608K, committed 76544K, reserved 1179648K
  class space    used 9510K, committed 9920K, reserved 1048576K
}
Event: 120.364 GC heap before
{Heap before GC invocations=38 (full 0):
 garbage-first heap   total 77824K, used 65729K [0x0000000706000000, 0x0000000800000000)
  region size 2048K, 18 young (36864K), 2 survivors (4096K)
 Metaspace       used 75615K, committed 76544K, reserved 1179648K
  class space    used 9511K, committed 9920K, reserved 1048576K
}
Event: 120.366 GC heap after
{Heap after GC invocations=39 (full 0):
 garbage-first heap   total 77824K, used 32913K [0x0000000706000000, 0x0000000800000000)
  region size 2048K, 2 young (4096K), 2 survivors (4096K)
 Metaspace       used 75615K, committed 76544K, reserved 1179648K
  class space    used 9511K, committed 9920K, reserved 1048576K
}
Event: 133.154 GC heap before
{Heap before GC invocations=39 (full 0):
 garbage-first heap   total 77824K, used 65681K [0x0000000706000000, 0x0000000800000000)
  region size 2048K, 18 young (36864K), 2 survivors (4096K)
 Metaspace       used 75623K, committed 76544K, reserved 1179648K
  class space    used 9511K, committed 9920K, reserved 1048576K
}
Event: 133.156 GC heap after
{Heap after GC invocations=40 (full 0):
 garbage-first heap   total 77824K, used 32970K [0x0000000706000000, 0x0000000800000000)
  region size 2048K, 2 young (4096K), 2 survivors (4096K)
 Metaspace       used 75623K, committed 76544K, reserved 1179648K
  class space    used 9511K, committed 9920K, reserved 1048576K
}
Event: 144.706 GC heap before
{Heap before GC invocations=40 (full 0):
 garbage-first heap   total 77824K, used 65738K [0x0000000706000000, 0x0000000800000000)
  region size 2048K, 18 young (36864K), 2 survivors (4096K)
 Metaspace       used 75661K, committed 76544K, reserved 1179648K
  class space    used 9515K, committed 9920K, reserved 1048576K
}
Event: 144.708 GC heap after
{Heap after GC invocations=41 (full 0):
 garbage-first heap   total 77824K, used 32991K [0x0000000706000000, 0x0000000800000000)
  region size 2048K, 2 young (4096K), 2 survivors (4096K)
 Metaspace       used 75661K, committed 76544K, reserved 1179648K
  class space    used 9515K, committed 9920K, reserved 1048576K
}
Event: 155.403 GC heap before
{Heap before GC invocations=41 (full 0):
 garbage-first heap   total 77824K, used 65759K [0x0000000706000000, 0x0000000800000000)
  region size 2048K, 18 young (36864K), 2 survivors (4096K)
 Metaspace       used 75664K, committed 76544K, reserved 1179648K
  class space    used 9515K, committed 9920K, reserved 1048576K
}
Event: 155.405 GC heap after
{Heap after GC invocations=42 (full 0):
 garbage-first heap   total 77824K, used 32968K [0x0000000706000000, 0x0000000800000000)
  region size 2048K, 2 young (4096K), 2 survivors (4096K)
 Metaspace       used 75664K, committed 76544K, reserved 1179648K
  class space    used 9515K, committed 9920K, reserved 1048576K
}
Event: 165.366 GC heap before
{Heap before GC invocations=42 (full 0):
 garbage-first heap   total 77824K, used 65736K [0x0000000706000000, 0x0000000800000000)
  region size 2048K, 18 young (36864K), 2 survivors (4096K)
 Metaspace       used 75668K, committed 76608K, reserved 1179648K
  class space    used 9515K, committed 9920K, reserved 1048576K
}
Event: 165.367 GC heap after
{Heap after GC invocations=43 (full 0):
 garbage-first heap   total 77824K, used 33092K [0x0000000706000000, 0x0000000800000000)
  region size 2048K, 1 young (2048K), 1 survivors (2048K)
 Metaspace       used 75668K, committed 76608K, reserved 1179648K
  class space    used 9515K, committed 9920K, reserved 1048576K
}
Event: 176.402 GC heap before
{Heap before GC invocations=43 (full 0):
 garbage-first heap   total 77824K, used 67908K [0x0000000706000000, 0x0000000800000000)
  region size 2048K, 18 young (36864K), 1 survivors (2048K)
 Metaspace       used 75670K, committed 76672K, reserved 1179648K
  class space    used 9515K, committed 9984K, reserved 1048576K
}
Event: 176.403 GC heap after
{Heap after GC invocations=44 (full 0):
 garbage-first heap   total 77824K, used 33020K [0x0000000706000000, 0x0000000800000000)
  region size 2048K, 1 young (2048K), 1 survivors (2048K)
 Metaspace       used 75670K, committed 76672K, reserved 1179648K
  class space    used 9515K, committed 9984K, reserved 1048576K
}
Event: 186.435 GC heap before
{Heap before GC invocations=44 (full 0):
 garbage-first heap   total 77824K, used 67836K [0x0000000706000000, 0x0000000800000000)
  region size 2048K, 18 young (36864K), 1 survivors (2048K)
 Metaspace       used 75678K, committed 76672K, reserved 1179648K
  class space    used 9517K, committed 9984K, reserved 1048576K
}
Event: 186.436 GC heap after
{Heap after GC invocations=45 (full 0):
 garbage-first heap   total 77824K, used 32967K [0x0000000706000000, 0x0000000800000000)
  region size 2048K, 1 young (2048K), 1 survivors (2048K)
 Metaspace       used 75678K, committed 76672K, reserved 1179648K
  class space    used 9517K, committed 9984K, reserved 1048576K
}
Event: 196.173 GC heap before
{Heap before GC invocations=45 (full 0):
 garbage-first heap   total 77824K, used 67783K [0x0000000706000000, 0x0000000800000000)
  region size 2048K, 18 young (36864K), 1 survivors (2048K)
 Metaspace       used 75686K, committed 76672K, reserved 1179648K
  class space    used 9517K, committed 9984K, reserved 1048576K
}
Event: 196.174 GC heap after
{Heap after GC invocations=46 (full 0):
 garbage-first heap   total 77824K, used 32991K [0x0000000706000000, 0x0000000800000000)
  region size 2048K, 1 young (2048K), 1 survivors (2048K)
 Metaspace       used 75686K, committed 76672K, reserved 1179648K
  class space    used 9517K, committed 9984K, reserved 1048576K
}
Event: 207.048 GC heap before
{Heap before GC invocations=46 (full 0):
 garbage-first heap   total 77824K, used 67807K [0x0000000706000000, 0x0000000800000000)
  region size 2048K, 18 young (36864K), 1 survivors (2048K)
 Metaspace       used 75732K, committed 76672K, reserved 1179648K
  class space    used 9517K, committed 9984K, reserved 1048576K
}
Event: 207.049 GC heap after
{Heap after GC invocations=47 (full 0):
 garbage-first heap   total 77824K, used 33009K [0x0000000706000000, 0x0000000800000000)
  region size 2048K, 1 young (2048K), 1 survivors (2048K)
 Metaspace       used 75732K, committed 76672K, reserved 1179648K
  class space    used 9517K, committed 9984K, reserved 1048576K
}

